[0.015s] Invoking command in '/home/polarbear/DEV/PenguinVision/build/hik_camera': CMAKE_PREFIX_PATH=/opt/ros/humble /usr/bin/cmake /home/polarbear/DEV/PenguinVision/src/ros2_hik_camera -DCMAKE_INSTALL_PREFIX=/home/polarbear/DEV/PenguinVision/install/hik_camera
[0.126s] -- The C compiler identification is GNU 11.3.0
[0.209s] -- The CXX compiler identification is GNU 11.3.0
[0.217s] -- Detecting C compiler ABI info
[0.280s] -- Detecting C compiler ABI info - done
[0.287s] -- Check for working C compiler: /usr/bin/cc - skipped
[0.287s] -- Detecting C compile features
[0.288s] -- Detecting C compile features - done
[0.290s] -- Detecting CXX compiler ABI info
[0.348s] -- Detecting CXX compiler ABI info - done
[0.354s] -- Check for working CXX compiler: /usr/bin/c++ - skipped
[0.354s] -- Detecting CXX compile features
[0.354s] -- Detecting CXX compile features - done
[0.356s] -- Found ament_cmake_auto: 1.3.5 (/opt/ros/humble/share/ament_cmake_auto/cmake)
[0.488s] -- Found Python3: /usr/bin/python3.10 (found version "3.10.6") found components: Interpreter 
[0.655s] -- Found rosidl_generator_c: 3.1.5 (/opt/ros/humble/share/rosidl_generator_c/cmake)
[0.660s] -- Found rosidl_adapter: 3.1.5 (/opt/ros/humble/share/rosidl_adapter/cmake)
[0.671s] -- Found rosidl_generator_cpp: 3.1.5 (/opt/ros/humble/share/rosidl_generator_cpp/cmake)
[0.684s] -- Using all available rosidl_typesupport_c: rosidl_typesupport_fastrtps_c;rosidl_typesupport_introspection_c
[0.703s] -- Using all available rosidl_typesupport_cpp: rosidl_typesupport_fastrtps_cpp;rosidl_typesupport_introspection_cpp
[0.767s] -- Found rmw_implementation_cmake: 6.1.1 (/opt/ros/humble/share/rmw_implementation_cmake/cmake)
[0.770s] -- Found rmw_fastrtps_cpp: 6.2.3 (/opt/ros/humble/share/rmw_fastrtps_cpp/cmake)
[0.846s] -- Found OpenSSL: /usr/lib/x86_64-linux-gnu/libcrypto.so (found version "3.0.2")  
[0.869s] -- Found FastRTPS: /opt/ros/humble/include  
[0.902s] -- Using RMW implementation 'rmw_fastrtps_cpp' as default
[0.910s] -- Looking for pthread.h
[0.960s] -- Looking for pthread.h - found
[0.960s] -- Performing Test CMAKE_HAVE_LIBC_PTHREAD
[1.011s] -- Performing Test CMAKE_HAVE_LIBC_PTHREAD - Success
[1.012s] -- Found Threads: TRUE  
[1.397s] -- Found ament_lint_auto: 0.12.7 (/opt/ros/humble/share/ament_lint_auto/cmake)
[1.416s] -- Added test 'cppcheck' to perform static code analysis on C / C++ code
[1.416s] -- Configured cppcheck include dirs: /home/polarbear/DEV/PenguinVision/src/ros2_hik_camera/hikSDK/include
[1.416s] -- Configured cppcheck exclude dirs and/or files: 
[1.417s] -- Added test 'flake8' to check Python code syntax and style conventions
[1.418s] -- Added test 'lint_cmake' to check CMake code style
[1.418s] -- Added test 'pep257' to check Python code against some of the docstring style conventions in PEP 257
[1.419s] -- Added test 'xmllint' to check XML markup files
[1.424s] -- Configuring done
[1.439s] -- Generating done
[1.440s] -- Build files have been written to: /home/polarbear/DEV/PenguinVision/build/hik_camera
[1.447s] Invoked command in '/home/polarbear/DEV/PenguinVision/build/hik_camera' returned '0': CMAKE_PREFIX_PATH=/opt/ros/humble /usr/bin/cmake /home/polarbear/DEV/PenguinVision/src/ros2_hik_camera -DCMAKE_INSTALL_PREFIX=/home/polarbear/DEV/PenguinVision/install/hik_camera
[1.448s] Invoking command in '/home/polarbear/DEV/PenguinVision/build/hik_camera': CMAKE_PREFIX_PATH=/opt/ros/humble /usr/bin/cmake --build /home/polarbear/DEV/PenguinVision/build/hik_camera -- -j8 -l8
[1.483s] [ 50%] [32mBuilding CXX object CMakeFiles/hik_camera.dir/src/hik_camera_node.cpp.o[0m
[1.483s] [ 50%] [32mBuilding CXX object CMakeFiles/hik_camera_node.dir/rclcpp_components/node_main_hik_camera_node.cpp.o[0m
[3.890s] [ 75%] [32m[1mLinking CXX executable hik_camera_node[0m
[4.035s] [ 75%] Built target hik_camera_node
[4.104s] [100%] [32m[1mLinking CXX shared library libhik_camera.so[0m
[4.233s] [100%] Built target hik_camera
[4.240s] Invoked command in '/home/polarbear/DEV/PenguinVision/build/hik_camera' returned '0': CMAKE_PREFIX_PATH=/opt/ros/humble /usr/bin/cmake --build /home/polarbear/DEV/PenguinVision/build/hik_camera -- -j8 -l8
[4.267s] Invoking command in '/home/polarbear/DEV/PenguinVision/build/hik_camera': CMAKE_PREFIX_PATH=/opt/ros/humble /usr/bin/cmake --install /home/polarbear/DEV/PenguinVision/build/hik_camera
[4.272s] -- Install configuration: ""
[4.272s] -- Installing: /home/polarbear/DEV/PenguinVision/install/hik_camera/lib
[4.273s] -- Installing: /home/polarbear/DEV/PenguinVision/install/hik_camera/lib/libMvUsb3vTL.so
[4.276s] -- Installing: /home/polarbear/DEV/PenguinVision/install/hik_camera/lib/libFormatConversion.so
[4.277s] -- Installing: /home/polarbear/DEV/PenguinVision/install/hik_camera/lib/libMvCameraControl.so
[4.281s] -- Installing: /home/polarbear/DEV/PenguinVision/install/hik_camera/lib/libMVRender.so
[4.281s] -- Installing: /home/polarbear/DEV/PenguinVision/install/hik_camera/lib/libMediaProcess.so
[4.283s] -- Installing: /home/polarbear/DEV/PenguinVision/install/hik_camera/lib/hik_camera/hik_camera_node
[4.283s] -- Set runtime path of "/home/polarbear/DEV/PenguinVision/install/hik_camera/lib/hik_camera/hik_camera_node" to ""
[4.283s] -- Installing: /home/polarbear/DEV/PenguinVision/install/hik_camera/share/hik_camera/environment/library_path.sh
[4.283s] -- Installing: /home/polarbear/DEV/PenguinVision/install/hik_camera/share/hik_camera/environment/library_path.dsv
[4.283s] -- Installing: /home/polarbear/DEV/PenguinVision/install/hik_camera/lib/libhik_camera.so
[4.284s] -- Set runtime path of "/home/polarbear/DEV/PenguinVision/install/hik_camera/lib/libhik_camera.so" to ""
[4.284s] -- Installing: /home/polarbear/DEV/PenguinVision/install/hik_camera/share/hik_camera/config
[4.284s] -- Installing: /home/polarbear/DEV/PenguinVision/install/hik_camera/share/hik_camera/config/camera_params.yaml
[4.284s] -- Installing: /home/polarbear/DEV/PenguinVision/install/hik_camera/share/hik_camera/config/camera_info.yaml
[4.284s] -- Installing: /home/polarbear/DEV/PenguinVision/install/hik_camera/share/hik_camera/launch
[4.284s] -- Installing: /home/polarbear/DEV/PenguinVision/install/hik_camera/share/hik_camera/launch/hik_camera.launch.py
[4.284s] -- Installing: /home/polarbear/DEV/PenguinVision/install/hik_camera/share/ament_index/resource_index/package_run_dependencies/hik_camera
[4.284s] -- Installing: /home/polarbear/DEV/PenguinVision/install/hik_camera/share/ament_index/resource_index/parent_prefix_path/hik_camera
[4.284s] -- Installing: /home/polarbear/DEV/PenguinVision/install/hik_camera/share/hik_camera/environment/ament_prefix_path.sh
[4.284s] -- Installing: /home/polarbear/DEV/PenguinVision/install/hik_camera/share/hik_camera/environment/ament_prefix_path.dsv
[4.284s] -- Installing: /home/polarbear/DEV/PenguinVision/install/hik_camera/share/hik_camera/environment/path.sh
[4.284s] -- Installing: /home/polarbear/DEV/PenguinVision/install/hik_camera/share/hik_camera/environment/path.dsv
[4.284s] -- Installing: /home/polarbear/DEV/PenguinVision/install/hik_camera/share/hik_camera/local_setup.bash
[4.284s] -- Installing: /home/polarbear/DEV/PenguinVision/install/hik_camera/share/hik_camera/local_setup.sh
[4.284s] -- Installing: /home/polarbear/DEV/PenguinVision/install/hik_camera/share/hik_camera/local_setup.zsh
[4.284s] -- Installing: /home/polarbear/DEV/PenguinVision/install/hik_camera/share/hik_camera/local_setup.dsv
[4.285s] -- Installing: /home/polarbear/DEV/PenguinVision/install/hik_camera/share/hik_camera/package.dsv
[4.285s] -- Installing: /home/polarbear/DEV/PenguinVision/install/hik_camera/share/ament_index/resource_index/packages/hik_camera
[4.285s] -- Installing: /home/polarbear/DEV/PenguinVision/install/hik_camera/share/ament_index/resource_index/rclcpp_components/hik_camera
[4.285s] -- Installing: /home/polarbear/DEV/PenguinVision/install/hik_camera/share/hik_camera/cmake/ament_cmake_export_dependencies-extras.cmake
[4.285s] -- Installing: /home/polarbear/DEV/PenguinVision/install/hik_camera/share/hik_camera/cmake/ament_cmake_export_libraries-extras.cmake
[4.285s] -- Installing: /home/polarbear/DEV/PenguinVision/install/hik_camera/share/hik_camera/cmake/hik_cameraConfig.cmake
[4.285s] -- Installing: /home/polarbear/DEV/PenguinVision/install/hik_camera/share/hik_camera/cmake/hik_cameraConfig-version.cmake
[4.285s] -- Installing: /home/polarbear/DEV/PenguinVision/install/hik_camera/share/hik_camera/package.xml
[4.287s] Invoked command in '/home/polarbear/DEV/PenguinVision/build/hik_camera' returned '0': CMAKE_PREFIX_PATH=/opt/ros/humble /usr/bin/cmake --install /home/polarbear/DEV/PenguinVision/build/hik_camera
